<?xml version="1.0" encoding="UTF-8"?>
<!-- Generated by org.testng.reporters.JUnitXMLReporter -->
<testsuite ignored="0" hostname="DESKTOP-4HGL70Q" failures="0" tests="13" name="Surefire test" time="49.511" errors="0" timestamp="2021-12-22T16:51:08 EET">
  <testcase classname="api.APITest" name="test_FoundNumber" time="0.88"/>
  <testcase classname="api.APITest" name="test_RandomYear" time="0.248"/>
  <testcase classname="api.APITest" name="test_ResponseStatusCode" time="0.25"/>
  <testcase classname="api.APITest" name="test_ResponseStatusCode" time="0.296"/>
  <testcase classname="api.APITest" name="test_textByNumberAndType" time="0.251"/>
  <testcase classname="ui.ArrowsTest" name="tryRandomButton" time="0.35"/>
  <testcase classname="ui.ArrowsTest" name="tryRandomButton" time="0.205"/>
  <testcase classname="ui.RandomButtonsThreadTest" name="tryRandomButton" time="1.256"/>
  <testcase classname="ui.RandomButtonsThreadTest" name="tryRandomButton" time="1.293"/>
  <testcase classname="ui.RandomButtonsThreadTest" name="tryRandomButton" time="1.24"/>
  <testcase classname="ui.RandomButtonsThreadTest" name="tryRandomButton" time="1.268"/>
  <testcase classname="ui.SearchThreadTest" name="SearchTestNumber" time="0.313"/>
  <testcase classname="ui.SearchThreadTest" name="SearchTestString" time="1.362"/>
</testsuite> <!-- Surefire test -->
