<?xml version="1.0" encoding="UTF-8"?>
<!-- Generated by org.testng.reporters.JUnitXMLReporter -->
<testsuite ignored="0" hostname="DESKTOP-4HGL70Q" failures="0" tests="13" name="Surefire test" time="45.755" errors="0" timestamp="2021-12-22T19:54:24 EET">
  <testcase classname="api.APITest" name="test_FoundNumber" time="0.804"/>
  <testcase classname="api.APITest" name="test_RandomYear" time="0.252"/>
  <testcase classname="api.APITest" name="test_ResponseStatusCode" time="0.252"/>
  <testcase classname="api.APITest" name="test_ResponseStatusCode" time="0.284"/>
  <testcase classname="api.APITest" name="test_textByNumberAndType" time="0.27"/>
  <testcase classname="ui.ArrowsTest" name="tryRandomButton" time="0.233"/>
  <testcase classname="ui.ArrowsTest" name="tryRandomButton" time="0.157"/>
  <testcase classname="ui.RandomButtonsThreadTest" name="tryRandomButton" time="1.212"/>
  <testcase classname="ui.RandomButtonsThreadTest" name="tryRandomButton" time="1.22"/>
  <testcase classname="ui.RandomButtonsThreadTest" name="tryRandomButton" time="1.244"/>
  <testcase classname="ui.RandomButtonsThreadTest" name="tryRandomButton" time="1.211"/>
  <testcase classname="ui.SearchThreadTest" name="SearchTestNumber" time="0.265"/>
  <testcase classname="ui.SearchThreadTest" name="SearchTestString" time="1.357"/>
</testsuite> <!-- Surefire test -->
