<?xml version="1.0" encoding="UTF-8"?>
<!-- Generated by org.testng.reporters.JUnitXMLReporter -->
<testsuite ignored="0" hostname="DESKTOP-4HGL70Q" failures="0" tests="13" name="Command line test" time="36.636" errors="0" timestamp="2021-12-22T05:13:41 EET">
  <testcase classname="api.APITest" name="test_FoundNumber" time="0.631"/>
  <testcase classname="api.APITest" name="test_RandomYear" time="0.248"/>
  <testcase classname="api.APITest" name="test_ResponseStatusCode" time="0.254"/>
  <testcase classname="api.APITest" name="test_ResponseStatusCode" time="0.267"/>
  <testcase classname="api.APITest" name="test_textByNumberAndType" time="0.267"/>
  <testcase classname="ui.ArrowsTest" name="tryRandomButton" time="0.22"/>
  <testcase classname="ui.ArrowsTest" name="tryRandomButton" time="0.203"/>
  <testcase classname="ui.RandomButtonsThreadTest" name="tryRandomButton" time="1.215"/>
  <testcase classname="ui.RandomButtonsThreadTest" name="tryRandomButton" time="1.226"/>
  <testcase classname="ui.RandomButtonsThreadTest" name="tryRandomButton" time="1.227"/>
  <testcase classname="ui.RandomButtonsThreadTest" name="tryRandomButton" time="1.247"/>
  <testcase classname="ui.SearchThreadTest" name="SearchTestNumber" time="0.263"/>
  <testcase classname="ui.SearchThreadTest" name="SearchTestString" time="1.32"/>
</testsuite> <!-- Command line test -->
