<?xml version="1.0" encoding="UTF-8"?>
<!-- Generated by org.testng.reporters.JUnitXMLReporter -->
<testsuite ignored="0" hostname="DESKTOP-4HGL70Q" failures="0" tests="13" name="Command line test" time="36.393" errors="0" timestamp="2021-12-22T05:18:25 EET">
  <testcase classname="api.APITest" name="test_FoundNumber" time="0.666"/>
  <testcase classname="api.APITest" name="test_RandomYear" time="0.247"/>
  <testcase classname="api.APITest" name="test_ResponseStatusCode" time="0.258"/>
  <testcase classname="api.APITest" name="test_ResponseStatusCode" time="0.261"/>
  <testcase classname="api.APITest" name="test_textByNumberAndType" time="0.255"/>
  <testcase classname="ui.ArrowsTest" name="tryRandomButton" time="0.243"/>
  <testcase classname="ui.ArrowsTest" name="tryRandomButton" time="0.209"/>
  <testcase classname="ui.RandomButtonsThreadTest" name="tryRandomButton" time="1.216"/>
  <testcase classname="ui.RandomButtonsThreadTest" name="tryRandomButton" time="1.203"/>
  <testcase classname="ui.RandomButtonsThreadTest" name="tryRandomButton" time="1.227"/>
  <testcase classname="ui.RandomButtonsThreadTest" name="tryRandomButton" time="1.197"/>
  <testcase classname="ui.SearchThreadTest" name="SearchTestNumber" time="0.242"/>
  <testcase classname="ui.SearchThreadTest" name="SearchTestString" time="1.327"/>
</testsuite> <!-- Command line test -->
