<?xml version="1.0" encoding="UTF-8"?>
<testsuite xmlns:xsi="http://www.w3.org/2001/XMLSchema-instance" xsi:noNamespaceSchemaLocation="https://maven.apache.org/surefire/maven-surefire-plugin/xsd/surefire-test-report.xsd" name="TestSuite" time="50.115" tests="12" errors="0" skipped="0" failures="4">
  <properties>
[...]
</properties>
  <testcase name="test_FoundNumber" classname="api.APITest" time="0.885">
    <failure message="init driver first" type="java.lang.RuntimeException">java.lang.RuntimeException: init driver first
</failure>
    <system-out><![CDATA[TC Started

Test Start
http://numbersapi.com/50?json GET
Response{body='{
 "text": "50 is the approximate number of times a mother hen turns her egg in a day so the yolk does not stick to the shell.",
 "number": 50,
 "found": true,
 "type": "trivia"
}', statusCode=200, statusMessage='null', headerMap=null, time=681}
Test Failed
]]></system-out>
    <system-err><![CDATA[SLF4J: Class path contains multiple SLF4J bindings.
SLF4J: Found binding in [jar:file:/C:/Users/Athexe/.m2/repository/org/slf4j/slf4j-log4j12/1.7.32/slf4j-log4j12-1.7.32.jar!/org/slf4j/impl/StaticLoggerBinder.class]
SLF4J: Found binding in [jar:file:/C:/Users/Athexe/.m2/repository/org/slf4j/slf4j-simple/1.7.5/slf4j-simple-1.7.5.jar!/org/slf4j/impl/StaticLoggerBinder.class]
SLF4J: See http://www.slf4j.org/codes.html#multiple_bindings for an explanation.
SLF4J: Actual binding is of type [org.slf4j.impl.Log4jLoggerFactory]
]]></system-err>
  </testcase>
  <testcase name="test_RandomYear" classname="api.APITest" time="0.254">
    <failure message="init driver first" type="java.lang.RuntimeException">java.lang.RuntimeException: init driver first
</failure>
    <system-out><![CDATA[Test Start
http://numbersapi.com/random/year?json GET
Response{body='{
 "text": "999 is the year that Silesia is incorporated into territory ruled by Boleslaus I of Poland.",
 "number": 999,
 "found": true,
 "type": "year"
}', statusCode=200, statusMessage='null', headerMap=null, time=248}
Test Failed
]]></system-out>
  </testcase>
  <testcase name="test_ResponseStatusCode" classname="api.APITest" time="0.251">
    <failure message="init driver first" type="java.lang.RuntimeException">java.lang.RuntimeException: init driver first
</failure>
    <system-out><![CDATA[Test Start
http://numbersapi.com/26/math?json GET
Response{body='{
 "text": "26 is the only positive number to be directly between a square and a cube.",
 "number": 26,
 "found": true,
 "type": "math"
}', statusCode=200, statusMessage='null', headerMap=null, time=244}
Test Failed
]]></system-out>
  </testcase>
  <testcase name="test_textByNumberAndType" classname="api.APITest" time="0.256">
    <failure message="init driver first" type="java.lang.RuntimeException">java.lang.RuntimeException: init driver first
</failure>
    <system-out><![CDATA[Test Start
http://numbersapi.com/1457/math?json GET
Response{body='{
 "text": "1457 is a number that does not have any digits in common with its cube.",
 "number": 1457,
 "found": true,
 "type": "math"
}', statusCode=200, statusMessage='null', headerMap=null, time=251}
Test Failed
]]></system-out>
  </testcase>
  <testcase name="tryRandomButton" classname="ui.ArrowsTest" time="1.406"/>
  <testcase name="tryRandomButton" classname="ui.ArrowsTest" time="1.193"/>
  <testcase name="tryRandomButton" classname="ui.RandomButtonsThreadTest" time="2.04"/>
  <testcase name="tryRandomButton" classname="ui.RandomButtonsThreadTest" time="2.039"/>
  <testcase name="tryRandomButton" classname="ui.RandomButtonsThreadTest" time="2.059"/>
  <testcase name="tryRandomButton" classname="ui.RandomButtonsThreadTest" time="2.057"/>
  <testcase name="SearchTestNumber" classname="ui.SearchThreadTest" time="1.072"/>
  <testcase name="SearchTestString" classname="ui.SearchThreadTest" time="2.102"/>
</testsuite>