<?xml version="1.0" encoding="UTF-8" ?>
<testsuite tests="13" failures="0" name="TestSuite" time="8.696" errors="0" skipped="0">
  <properties>
[...]
</properties>
  <testcase classname="api.APITest" name="test_FoundNumber" time="0.724"/>
  <testcase classname="api.APITest" name="test_RandomYear" time="0.249"/>
  <testcase classname="api.APITest" name="test_ResponseStatusCode" time="0.252"/>
  <testcase classname="api.APITest" name="test_ResponseStatusCode" time="0.255"/>
  <testcase classname="api.APITest" name="test_textByNumberAndType" time="0.247"/>
  <testcase classname="ui.ArrowsTest" name="tryRandomButton" time="0.249"/>
  <testcase classname="ui.ArrowsTest" name="tryRandomButton" time="0.193"/>
  <testcase classname="ui.RandomButtonsThreadTest" name="tryRandomButton" time="1.235"/>
  <testcase classname="ui.RandomButtonsThreadTest" name="tryRandomButton" time="1.225"/>
  <testcase classname="ui.RandomButtonsThreadTest" name="tryRandomButton" time="1.222"/>
  <testcase classname="ui.RandomButtonsThreadTest" name="tryRandomButton" time="1.213"/>
  <testcase classname="ui.SearchThreadTest" name="SearchTestNumber" time="0.293"/>
  <testcase classname="ui.SearchThreadTest" name="SearchTestString" time="1.339"/>
</testsuite>